<?xml version="1.0" encoding="UTF-8"?>
<!-- Generated by org.testng.reporters.JUnitReportReporter -->
<testsuite hostname="SangeePC" failures="0" tests="1" name="testscripts.MyLikesTest" time="16.978" errors="0" timestamp="2024-04-23T21:59:25 EDT" skipped="0">
  <testcase classname="testscripts.MyLikesTest" name="MyLikesTestCase" time="16.978"/>
  <system-out/>
</testsuite> <!-- testscripts.MyLikesTest -->
