<?xml version="1.0" encoding="UTF-8"?>
<!-- Generated by org.testng.reporters.JUnitReportReporter -->
<testsuite hostname="SangeePC" failures="0" tests="1" name="testscripts.ProductDescTest" time="16.977" errors="0" timestamp="2024-04-23T22:12:35 EDT" skipped="0">
  <testcase classname="testscripts.ProductDescTest" name="ProductDescTestCase" time="16.977"/>
  <system-out/>
</testsuite> <!-- testscripts.ProductDescTest -->
