<?xml version="1.0" encoding="UTF-8"?>
<!-- Generated by org.testng.reporters.JUnitReportReporter -->
<testsuite hostname="SangeePC" failures="0" tests="1" name="testscripts.ViewTransactionsTest" time="20.054" errors="0" timestamp="2024-04-23T22:30:04 EDT" skipped="0">
  <testcase classname="testscripts.ViewTransactionsTest" name="ViewTransactionsTestCase" time="20.054"/>
  <system-out/>
</testsuite> <!-- testscripts.ViewTransactionsTest -->
