<?xml version="1.0" encoding="UTF-8"?>
<!-- Generated by org.testng.reporters.JUnitReportReporter -->
<testsuite hostname="SangeePC" failures="0" tests="1" name="testscripts.BuyNowTest" time="22.520" errors="0" timestamp="2024-04-23T21:57:40 EDT" skipped="0">
  <testcase classname="testscripts.BuyNowTest" name="BuyNowTestCase" time="22.520"/>
  <system-out/>
</testsuite> <!-- testscripts.BuyNowTest -->
