<?xml version="1.0" encoding="UTF-8"?>
<!-- Generated by org.testng.reporters.JUnitReportReporter -->
<testsuite hostname="SangeePC" failures="0" tests="1" name="testscripts.MessageTest" time="20.143" errors="0" timestamp="2024-04-23T22:01:10 EDT" skipped="0">
  <testcase classname="testscripts.MessageTest" name="MessageTestCase" time="20.143"/>
  <system-out/>
</testsuite> <!-- testscripts.MessageTest -->
