<?xml version="1.0" encoding="UTF-8"?>
<!-- Generated by org.testng.reporters.JUnitReportReporter -->
<testsuite hostname="SangeePC" failures="0" tests="1" name="testscripts.CheckDeliveryTest" time="25.806" errors="0" timestamp="2024-04-23T22:08:19 EDT" skipped="0">
  <testcase classname="testscripts.CheckDeliveryTest" name="CheckDeliveryTestCase" time="25.806"/>
  <system-out/>
</testsuite> <!-- testscripts.CheckDeliveryTest -->
