<?xml version="1.0" encoding="UTF-8"?>
<!-- Generated by org.testng.reporters.JUnitReportReporter -->
<testsuite hostname="SangeePC" failures="0" tests="1" name="testscripts.AddToCartTest" time="22.397" errors="0" timestamp="2024-04-23T21:53:15 EDT" skipped="0">
  <testcase classname="testscripts.AddToCartTest" name="AddToCartTestCase" time="22.397"/>
  <system-out/>
</testsuite> <!-- testscripts.AddToCartTest -->
